CRITICAL - 2025-04-25 11:14:50 --> ParseError: syntax error, unexpected token "<", expecting end of file
[Method: GET, Route: login]
in APPPATH\Config\View.php on line 64.
 1 SYSTEMPATH\Autoloader\Autoloader.php(295): CodeIgniter\Autoloader\Autoloader->includeFile('C:\\xampp\\htdocs\\kafana\\app\\Config\\View.php')
 2 SYSTEMPATH\Autoloader\Autoloader.php(271): CodeIgniter\Autoloader\Autoloader->loadInNamespace('Config\\View')
 3 [internal function]: CodeIgniter\Autoloader\Autoloader->loadClass('Config\\View')
 4 SYSTEMPATH\Config\Factories.php(297): class_exists('Config\\View')
 5 SYSTEMPATH\Config\Factories.php(216): CodeIgniter\Config\Factories::locateClass([...], 'Config\\View')
 6 SYSTEMPATH\Config\Factories.php(159): CodeIgniter\Config\Factories::getDefinedInstance([...], 'Config\\View', [])
 7 SYSTEMPATH\Config\Factories.php(188): CodeIgniter\Config\Factories::__callStatic('config', [])
 8 SYSTEMPATH\Common.php(210): CodeIgniter\Config\Factories::get('config', 'Config\\View')
 9 SYSTEMPATH\Config\Services.php(507): config('Config\\View')
10 SYSTEMPATH\Config\BaseService.php(312): CodeIgniter\Config\Services::renderer('C:\\xampp\\htdocs\\kafana\\app\\Config/../Views', null, false)
11 SYSTEMPATH\Config\BaseService.php(251): CodeIgniter\Config\BaseService::__callStatic('renderer', [...])
12 SYSTEMPATH\Config\Services.php(503): CodeIgniter\Config\BaseService::getSharedInstance('renderer', null, null)
13 SYSTEMPATH\Config\BaseService.php(321): CodeIgniter\Config\Services::renderer()
14 SYSTEMPATH\Config\BaseService.php(202): CodeIgniter\Config\BaseService::__callStatic('renderer', [])
15 SYSTEMPATH\Common.php(1000): CodeIgniter\Config\BaseService::get('renderer')
16 SYSTEMPATH\Common.php(1163): service('renderer')
17 APPPATH\Controllers\Login.php(10): view('login')
18 SYSTEMPATH\CodeIgniter.php(933): App\Controllers\Login->index()
19 SYSTEMPATH\CodeIgniter.php(507): CodeIgniter\CodeIgniter->runController(Object(App\Controllers\Login))
20 SYSTEMPATH\CodeIgniter.php(354): CodeIgniter\CodeIgniter->handleRequest(null, Object(Config\Cache), false)
21 SYSTEMPATH\Boot.php(334): CodeIgniter\CodeIgniter->run()
22 SYSTEMPATH\Boot.php(67): CodeIgniter\Boot::runCodeIgniter(Object(CodeIgniter\CodeIgniter))
23 FCPATH\index.php(56): CodeIgniter\Boot::bootWeb(Object(Config\Paths))
CRITICAL - 2025-04-25 11:15:26 --> ParseError: syntax error, unexpected token "<", expecting end of file
[Method: GET, Route: /]
in APPPATH\Config\View.php on line 64.
 1 SYSTEMPATH\Autoloader\Autoloader.php(295): CodeIgniter\Autoloader\Autoloader->includeFile('C:\\xampp\\htdocs\\kafana\\app\\Config\\View.php')
 2 SYSTEMPATH\Autoloader\Autoloader.php(271): CodeIgniter\Autoloader\Autoloader->loadInNamespace('Config\\View')
 3 [internal function]: CodeIgniter\Autoloader\Autoloader->loadClass('Config\\View')
 4 SYSTEMPATH\Config\Factories.php(297): class_exists('Config\\View')
 5 SYSTEMPATH\Config\Factories.php(216): CodeIgniter\Config\Factories::locateClass([...], 'Config\\View')
 6 SYSTEMPATH\Config\Factories.php(159): CodeIgniter\Config\Factories::getDefinedInstance([...], 'Config\\View', [])
 7 SYSTEMPATH\Config\Factories.php(188): CodeIgniter\Config\Factories::__callStatic('config', [])
 8 SYSTEMPATH\Common.php(210): CodeIgniter\Config\Factories::get('config', 'Config\\View')
 9 SYSTEMPATH\Config\Services.php(507): config('Config\\View')
10 SYSTEMPATH\Config\BaseService.php(312): CodeIgniter\Config\Services::renderer('C:\\xampp\\htdocs\\kafana\\app\\Config/../Views', null, false)
11 SYSTEMPATH\Config\BaseService.php(251): CodeIgniter\Config\BaseService::__callStatic('renderer', [...])
12 SYSTEMPATH\Config\Services.php(503): CodeIgniter\Config\BaseService::getSharedInstance('renderer', null, null)
13 SYSTEMPATH\Config\BaseService.php(321): CodeIgniter\Config\Services::renderer()
14 SYSTEMPATH\Config\BaseService.php(202): CodeIgniter\Config\BaseService::__callStatic('renderer', [])
15 SYSTEMPATH\Common.php(1000): CodeIgniter\Config\BaseService::get('renderer')
16 SYSTEMPATH\Common.php(1163): service('renderer')
17 APPPATH\Controllers\Home.php(9): view('welcome_message')
18 SYSTEMPATH\CodeIgniter.php(933): App\Controllers\Home->index()
19 SYSTEMPATH\CodeIgniter.php(507): CodeIgniter\CodeIgniter->runController(Object(App\Controllers\Home))
20 SYSTEMPATH\CodeIgniter.php(354): CodeIgniter\CodeIgniter->handleRequest(null, Object(Config\Cache), false)
21 SYSTEMPATH\Boot.php(334): CodeIgniter\CodeIgniter->run()
22 SYSTEMPATH\Boot.php(67): CodeIgniter\Boot::runCodeIgniter(Object(CodeIgniter\CodeIgniter))
23 FCPATH\index.php(56): CodeIgniter\Boot::bootWeb(Object(Config\Paths))
CRITICAL - 2025-04-25 11:15:27 --> ParseError: syntax error, unexpected token "<", expecting end of file
[Method: GET, Route: /]
in APPPATH\Config\View.php on line 64.
 1 SYSTEMPATH\Autoloader\Autoloader.php(295): CodeIgniter\Autoloader\Autoloader->includeFile('C:\\xampp\\htdocs\\kafana\\app\\Config\\View.php')
 2 SYSTEMPATH\Autoloader\Autoloader.php(271): CodeIgniter\Autoloader\Autoloader->loadInNamespace('Config\\View')
 3 [internal function]: CodeIgniter\Autoloader\Autoloader->loadClass('Config\\View')
 4 SYSTEMPATH\Config\Factories.php(297): class_exists('Config\\View')
 5 SYSTEMPATH\Config\Factories.php(216): CodeIgniter\Config\Factories::locateClass([...], 'Config\\View')
 6 SYSTEMPATH\Config\Factories.php(159): CodeIgniter\Config\Factories::getDefinedInstance([...], 'Config\\View', [])
 7 SYSTEMPATH\Config\Factories.php(188): CodeIgniter\Config\Factories::__callStatic('config', [])
 8 SYSTEMPATH\Common.php(210): CodeIgniter\Config\Factories::get('config', 'Config\\View')
 9 SYSTEMPATH\Config\Services.php(507): config('Config\\View')
10 SYSTEMPATH\Config\BaseService.php(312): CodeIgniter\Config\Services::renderer('C:\\xampp\\htdocs\\kafana\\app\\Config/../Views', null, false)
11 SYSTEMPATH\Config\BaseService.php(251): CodeIgniter\Config\BaseService::__callStatic('renderer', [...])
12 SYSTEMPATH\Config\Services.php(503): CodeIgniter\Config\BaseService::getSharedInstance('renderer', null, null)
13 SYSTEMPATH\Config\BaseService.php(321): CodeIgniter\Config\Services::renderer()
14 SYSTEMPATH\Config\BaseService.php(202): CodeIgniter\Config\BaseService::__callStatic('renderer', [])
15 SYSTEMPATH\Common.php(1000): CodeIgniter\Config\BaseService::get('renderer')
16 SYSTEMPATH\Common.php(1163): service('renderer')
17 APPPATH\Controllers\Home.php(9): view('welcome_message')
18 SYSTEMPATH\CodeIgniter.php(933): App\Controllers\Home->index()
19 SYSTEMPATH\CodeIgniter.php(507): CodeIgniter\CodeIgniter->runController(Object(App\Controllers\Home))
20 SYSTEMPATH\CodeIgniter.php(354): CodeIgniter\CodeIgniter->handleRequest(null, Object(Config\Cache), false)
21 SYSTEMPATH\Boot.php(334): CodeIgniter\CodeIgniter->run()
22 SYSTEMPATH\Boot.php(67): CodeIgniter\Boot::runCodeIgniter(Object(CodeIgniter\CodeIgniter))
23 FCPATH\index.php(56): CodeIgniter\Boot::bootWeb(Object(Config\Paths))
CRITICAL - 2025-04-25 11:16:55 --> ParseError: syntax error, unexpected token "<", expecting end of file
[Method: GET, Route: login]
in APPPATH\Config\View.php on line 64.
 1 SYSTEMPATH\Autoloader\Autoloader.php(295): CodeIgniter\Autoloader\Autoloader->includeFile('C:\\xampp\\htdocs\\kafana\\app\\Config\\View.php')
 2 SYSTEMPATH\Autoloader\Autoloader.php(271): CodeIgniter\Autoloader\Autoloader->loadInNamespace('Config\\View')
 3 [internal function]: CodeIgniter\Autoloader\Autoloader->loadClass('Config\\View')
 4 SYSTEMPATH\Config\Factories.php(297): class_exists('Config\\View')
 5 SYSTEMPATH\Config\Factories.php(216): CodeIgniter\Config\Factories::locateClass([...], 'Config\\View')
 6 SYSTEMPATH\Config\Factories.php(159): CodeIgniter\Config\Factories::getDefinedInstance([...], 'Config\\View', [])
 7 SYSTEMPATH\Config\Factories.php(188): CodeIgniter\Config\Factories::__callStatic('config', [])
 8 SYSTEMPATH\Common.php(210): CodeIgniter\Config\Factories::get('config', 'Config\\View')
 9 SYSTEMPATH\Config\Services.php(507): config('Config\\View')
10 SYSTEMPATH\Config\BaseService.php(312): CodeIgniter\Config\Services::renderer('C:\\xampp\\htdocs\\kafana\\app\\Config/../Views', null, false)
11 SYSTEMPATH\Config\BaseService.php(251): CodeIgniter\Config\BaseService::__callStatic('renderer', [...])
12 SYSTEMPATH\Config\Services.php(503): CodeIgniter\Config\BaseService::getSharedInstance('renderer', null, null)
13 SYSTEMPATH\Config\BaseService.php(321): CodeIgniter\Config\Services::renderer()
14 SYSTEMPATH\Config\BaseService.php(202): CodeIgniter\Config\BaseService::__callStatic('renderer', [])
15 SYSTEMPATH\Common.php(1000): CodeIgniter\Config\BaseService::get('renderer')
16 SYSTEMPATH\Common.php(1163): service('renderer')
17 APPPATH\Controllers\Login.php(10): view('login')
18 SYSTEMPATH\CodeIgniter.php(933): App\Controllers\Login->index()
19 SYSTEMPATH\CodeIgniter.php(507): CodeIgniter\CodeIgniter->runController(Object(App\Controllers\Login))
20 SYSTEMPATH\CodeIgniter.php(354): CodeIgniter\CodeIgniter->handleRequest(null, Object(Config\Cache), false)
21 SYSTEMPATH\Boot.php(334): CodeIgniter\CodeIgniter->run()
22 SYSTEMPATH\Boot.php(67): CodeIgniter\Boot::runCodeIgniter(Object(CodeIgniter\CodeIgniter))
23 FCPATH\index.php(56): CodeIgniter\Boot::bootWeb(Object(Config\Paths))
CRITICAL - 2025-04-25 11:16:58 --> ParseError: syntax error, unexpected token "<", expecting end of file
[Method: GET, Route: login]
in APPPATH\Config\View.php on line 64.
 1 SYSTEMPATH\Autoloader\Autoloader.php(295): CodeIgniter\Autoloader\Autoloader->includeFile('C:\\xampp\\htdocs\\kafana\\app\\Config\\View.php')
 2 SYSTEMPATH\Autoloader\Autoloader.php(271): CodeIgniter\Autoloader\Autoloader->loadInNamespace('Config\\View')
 3 [internal function]: CodeIgniter\Autoloader\Autoloader->loadClass('Config\\View')
 4 SYSTEMPATH\Config\Factories.php(297): class_exists('Config\\View')
 5 SYSTEMPATH\Config\Factories.php(216): CodeIgniter\Config\Factories::locateClass([...], 'Config\\View')
 6 SYSTEMPATH\Config\Factories.php(159): CodeIgniter\Config\Factories::getDefinedInstance([...], 'Config\\View', [])
 7 SYSTEMPATH\Config\Factories.php(188): CodeIgniter\Config\Factories::__callStatic('config', [])
 8 SYSTEMPATH\Common.php(210): CodeIgniter\Config\Factories::get('config', 'Config\\View')
 9 SYSTEMPATH\Config\Services.php(507): config('Config\\View')
10 SYSTEMPATH\Config\BaseService.php(312): CodeIgniter\Config\Services::renderer('C:\\xampp\\htdocs\\kafana\\app\\Config/../Views', null, false)
11 SYSTEMPATH\Config\BaseService.php(251): CodeIgniter\Config\BaseService::__callStatic('renderer', [...])
12 SYSTEMPATH\Config\Services.php(503): CodeIgniter\Config\BaseService::getSharedInstance('renderer', null, null)
13 SYSTEMPATH\Config\BaseService.php(321): CodeIgniter\Config\Services::renderer()
14 SYSTEMPATH\Config\BaseService.php(202): CodeIgniter\Config\BaseService::__callStatic('renderer', [])
15 SYSTEMPATH\Common.php(1000): CodeIgniter\Config\BaseService::get('renderer')
16 SYSTEMPATH\Common.php(1163): service('renderer')
17 APPPATH\Controllers\Login.php(10): view('login')
18 SYSTEMPATH\CodeIgniter.php(933): App\Controllers\Login->index()
19 SYSTEMPATH\CodeIgniter.php(507): CodeIgniter\CodeIgniter->runController(Object(App\Controllers\Login))
20 SYSTEMPATH\CodeIgniter.php(354): CodeIgniter\CodeIgniter->handleRequest(null, Object(Config\Cache), false)
21 SYSTEMPATH\Boot.php(334): CodeIgniter\CodeIgniter->run()
22 SYSTEMPATH\Boot.php(67): CodeIgniter\Boot::runCodeIgniter(Object(CodeIgniter\CodeIgniter))
23 FCPATH\index.php(56): CodeIgniter\Boot::bootWeb(Object(Config\Paths))
CRITICAL - 2025-04-25 11:17:25 --> ParseError: syntax error, unexpected token "<", expecting end of file
[Method: GET, Route: login]
in APPPATH\Config\View.php on line 64.
 1 SYSTEMPATH\Autoloader\Autoloader.php(295): CodeIgniter\Autoloader\Autoloader->includeFile('C:\\xampp\\htdocs\\kafana\\app\\Config\\View.php')
 2 SYSTEMPATH\Autoloader\Autoloader.php(271): CodeIgniter\Autoloader\Autoloader->loadInNamespace('Config\\View')
 3 [internal function]: CodeIgniter\Autoloader\Autoloader->loadClass('Config\\View')
 4 SYSTEMPATH\Config\Factories.php(297): class_exists('Config\\View')
 5 SYSTEMPATH\Config\Factories.php(216): CodeIgniter\Config\Factories::locateClass([...], 'Config\\View')
 6 SYSTEMPATH\Config\Factories.php(159): CodeIgniter\Config\Factories::getDefinedInstance([...], 'Config\\View', [])
 7 SYSTEMPATH\Config\Factories.php(188): CodeIgniter\Config\Factories::__callStatic('config', [])
 8 SYSTEMPATH\Common.php(210): CodeIgniter\Config\Factories::get('config', 'Config\\View')
 9 SYSTEMPATH\Config\Services.php(507): config('Config\\View')
10 SYSTEMPATH\Config\BaseService.php(312): CodeIgniter\Config\Services::renderer('C:\\xampp\\htdocs\\kafana\\app\\Config/../Views', null, false)
11 SYSTEMPATH\Config\BaseService.php(251): CodeIgniter\Config\BaseService::__callStatic('renderer', [...])
12 SYSTEMPATH\Config\Services.php(503): CodeIgniter\Config\BaseService::getSharedInstance('renderer', null, null)
13 SYSTEMPATH\Config\BaseService.php(321): CodeIgniter\Config\Services::renderer()
14 SYSTEMPATH\Config\BaseService.php(202): CodeIgniter\Config\BaseService::__callStatic('renderer', [])
15 SYSTEMPATH\Common.php(1000): CodeIgniter\Config\BaseService::get('renderer')
16 SYSTEMPATH\Common.php(1163): service('renderer')
17 APPPATH\Controllers\Login.php(10): view('login')
18 SYSTEMPATH\CodeIgniter.php(933): App\Controllers\Login->index()
19 SYSTEMPATH\CodeIgniter.php(507): CodeIgniter\CodeIgniter->runController(Object(App\Controllers\Login))
20 SYSTEMPATH\CodeIgniter.php(354): CodeIgniter\CodeIgniter->handleRequest(null, Object(Config\Cache), false)
21 SYSTEMPATH\Boot.php(334): CodeIgniter\CodeIgniter->run()
22 SYSTEMPATH\Boot.php(67): CodeIgniter\Boot::runCodeIgniter(Object(CodeIgniter\CodeIgniter))
23 FCPATH\index.php(56): CodeIgniter\Boot::bootWeb(Object(Config\Paths))
CRITICAL - 2025-04-25 11:17:32 --> ParseError: syntax error, unexpected token "<", expecting end of file
[Method: GET, Route: login]
in APPPATH\Config\View.php on line 64.
 1 SYSTEMPATH\Autoloader\Autoloader.php(295): CodeIgniter\Autoloader\Autoloader->includeFile('C:\\xampp\\htdocs\\kafana\\app\\Config\\View.php')
 2 SYSTEMPATH\Autoloader\Autoloader.php(271): CodeIgniter\Autoloader\Autoloader->loadInNamespace('Config\\View')
 3 [internal function]: CodeIgniter\Autoloader\Autoloader->loadClass('Config\\View')
 4 SYSTEMPATH\Config\Factories.php(297): class_exists('Config\\View')
 5 SYSTEMPATH\Config\Factories.php(216): CodeIgniter\Config\Factories::locateClass([...], 'Config\\View')
 6 SYSTEMPATH\Config\Factories.php(159): CodeIgniter\Config\Factories::getDefinedInstance([...], 'Config\\View', [])
 7 SYSTEMPATH\Config\Factories.php(188): CodeIgniter\Config\Factories::__callStatic('config', [])
 8 SYSTEMPATH\Common.php(210): CodeIgniter\Config\Factories::get('config', 'Config\\View')
 9 SYSTEMPATH\Config\Services.php(507): config('Config\\View')
10 SYSTEMPATH\Config\BaseService.php(312): CodeIgniter\Config\Services::renderer('C:\\xampp\\htdocs\\kafana\\app\\Config/../Views', null, false)
11 SYSTEMPATH\Config\BaseService.php(251): CodeIgniter\Config\BaseService::__callStatic('renderer', [...])
12 SYSTEMPATH\Config\Services.php(503): CodeIgniter\Config\BaseService::getSharedInstance('renderer', null, null)
13 SYSTEMPATH\Config\BaseService.php(321): CodeIgniter\Config\Services::renderer()
14 SYSTEMPATH\Config\BaseService.php(202): CodeIgniter\Config\BaseService::__callStatic('renderer', [])
15 SYSTEMPATH\Common.php(1000): CodeIgniter\Config\BaseService::get('renderer')
16 SYSTEMPATH\Common.php(1163): service('renderer')
17 APPPATH\Controllers\Login.php(10): view('login')
18 SYSTEMPATH\CodeIgniter.php(933): App\Controllers\Login->index()
19 SYSTEMPATH\CodeIgniter.php(507): CodeIgniter\CodeIgniter->runController(Object(App\Controllers\Login))
20 SYSTEMPATH\CodeIgniter.php(354): CodeIgniter\CodeIgniter->handleRequest(null, Object(Config\Cache), false)
21 SYSTEMPATH\Boot.php(334): CodeIgniter\CodeIgniter->run()
22 SYSTEMPATH\Boot.php(67): CodeIgniter\Boot::runCodeIgniter(Object(CodeIgniter\CodeIgniter))
23 FCPATH\index.php(56): CodeIgniter\Boot::bootWeb(Object(Config\Paths))
CRITICAL - 2025-04-25 11:21:53 --> ParseError: syntax error, unexpected token "<", expecting end of file
[Method: GET, Route: login]
in APPPATH\Config\View.php on line 64.
 1 SYSTEMPATH\Autoloader\Autoloader.php(295): CodeIgniter\Autoloader\Autoloader->includeFile('C:\\xampp\\htdocs\\kafana\\app\\Config\\View.php')
 2 SYSTEMPATH\Autoloader\Autoloader.php(271): CodeIgniter\Autoloader\Autoloader->loadInNamespace('Config\\View')
 3 [internal function]: CodeIgniter\Autoloader\Autoloader->loadClass('Config\\View')
 4 SYSTEMPATH\Config\Factories.php(297): class_exists('Config\\View')
 5 SYSTEMPATH\Config\Factories.php(216): CodeIgniter\Config\Factories::locateClass([...], 'Config\\View')
 6 SYSTEMPATH\Config\Factories.php(159): CodeIgniter\Config\Factories::getDefinedInstance([...], 'Config\\View', [])
 7 SYSTEMPATH\Config\Factories.php(188): CodeIgniter\Config\Factories::__callStatic('config', [])
 8 SYSTEMPATH\Common.php(210): CodeIgniter\Config\Factories::get('config', 'Config\\View')
 9 SYSTEMPATH\Config\Services.php(507): config('Config\\View')
10 SYSTEMPATH\Config\BaseService.php(312): CodeIgniter\Config\Services::renderer('C:\\xampp\\htdocs\\kafana\\app\\Config/../Views', null, false)
11 SYSTEMPATH\Config\BaseService.php(251): CodeIgniter\Config\BaseService::__callStatic('renderer', [...])
12 SYSTEMPATH\Config\Services.php(503): CodeIgniter\Config\BaseService::getSharedInstance('renderer', null, null)
13 SYSTEMPATH\Config\BaseService.php(321): CodeIgniter\Config\Services::renderer()
14 SYSTEMPATH\Config\BaseService.php(202): CodeIgniter\Config\BaseService::__callStatic('renderer', [])
15 SYSTEMPATH\Common.php(1000): CodeIgniter\Config\BaseService::get('renderer')
16 SYSTEMPATH\Common.php(1163): service('renderer')
17 APPPATH\Controllers\Auth.php(9): view('login')
18 SYSTEMPATH\CodeIgniter.php(933): App\Controllers\Auth->login()
19 SYSTEMPATH\CodeIgniter.php(507): CodeIgniter\CodeIgniter->runController(Object(App\Controllers\Auth))
20 SYSTEMPATH\CodeIgniter.php(354): CodeIgniter\CodeIgniter->handleRequest(null, Object(Config\Cache), false)
21 SYSTEMPATH\Boot.php(334): CodeIgniter\CodeIgniter->run()
22 SYSTEMPATH\Boot.php(67): CodeIgniter\Boot::runCodeIgniter(Object(CodeIgniter\CodeIgniter))
23 FCPATH\index.php(58): CodeIgniter\Boot::bootWeb(Object(Config\Paths))
CRITICAL - 2025-04-25 11:21:53 --> ParseError: syntax error, unexpected token "<", expecting end of file
[Method: GET, Route: login]
in APPPATH\Config\View.php on line 64.
 1 SYSTEMPATH\Autoloader\Autoloader.php(295): CodeIgniter\Autoloader\Autoloader->includeFile('C:\\xampp\\htdocs\\kafana\\app\\Config\\View.php')
 2 SYSTEMPATH\Autoloader\Autoloader.php(271): CodeIgniter\Autoloader\Autoloader->loadInNamespace('Config\\View')
 3 [internal function]: CodeIgniter\Autoloader\Autoloader->loadClass('Config\\View')
 4 SYSTEMPATH\Config\Factories.php(297): class_exists('Config\\View')
 5 SYSTEMPATH\Config\Factories.php(216): CodeIgniter\Config\Factories::locateClass([...], 'Config\\View')
 6 SYSTEMPATH\Config\Factories.php(159): CodeIgniter\Config\Factories::getDefinedInstance([...], 'Config\\View', [])
 7 SYSTEMPATH\Config\Factories.php(188): CodeIgniter\Config\Factories::__callStatic('config', [])
 8 SYSTEMPATH\Common.php(210): CodeIgniter\Config\Factories::get('config', 'Config\\View')
 9 SYSTEMPATH\Config\Services.php(507): config('Config\\View')
10 SYSTEMPATH\Config\BaseService.php(312): CodeIgniter\Config\Services::renderer('C:\\xampp\\htdocs\\kafana\\app\\Config/../Views', null, false)
11 SYSTEMPATH\Config\BaseService.php(251): CodeIgniter\Config\BaseService::__callStatic('renderer', [...])
12 SYSTEMPATH\Config\Services.php(503): CodeIgniter\Config\BaseService::getSharedInstance('renderer', null, null)
13 SYSTEMPATH\Config\BaseService.php(321): CodeIgniter\Config\Services::renderer()
14 SYSTEMPATH\Config\BaseService.php(202): CodeIgniter\Config\BaseService::__callStatic('renderer', [])
15 SYSTEMPATH\Common.php(1000): CodeIgniter\Config\BaseService::get('renderer')
16 SYSTEMPATH\Common.php(1163): service('renderer')
17 APPPATH\Controllers\Auth.php(9): view('login')
18 SYSTEMPATH\CodeIgniter.php(933): App\Controllers\Auth->login()
19 SYSTEMPATH\CodeIgniter.php(507): CodeIgniter\CodeIgniter->runController(Object(App\Controllers\Auth))
20 SYSTEMPATH\CodeIgniter.php(354): CodeIgniter\CodeIgniter->handleRequest(null, Object(Config\Cache), false)
21 SYSTEMPATH\Boot.php(334): CodeIgniter\CodeIgniter->run()
22 SYSTEMPATH\Boot.php(67): CodeIgniter\Boot::runCodeIgniter(Object(CodeIgniter\CodeIgniter))
23 FCPATH\index.php(58): CodeIgniter\Boot::bootWeb(Object(Config\Paths))
DEBUG - 2025-04-25 11:39:47 --> Session: Class initialized using 'CodeIgniter\Session\Handlers\FileHandler' driver.
DEBUG - 2025-04-25 11:44:57 --> Session: Class initialized using 'CodeIgniter\Session\Handlers\FileHandler' driver.
DEBUG - 2025-04-25 11:52:19 --> Session: Class initialized using 'CodeIgniter\Session\Handlers\FileHandler' driver.
DEBUG - 2025-04-25 11:54:28 --> Session: Class initialized using 'CodeIgniter\Session\Handlers\FileHandler' driver.
DEBUG - 2025-04-25 11:54:30 --> Session: Class initialized using 'CodeIgniter\Session\Handlers\FileHandler' driver.
DEBUG - 2025-04-25 12:01:01 --> Session: Class initialized using 'CodeIgniter\Session\Handlers\FileHandler' driver.
DEBUG - 2025-04-25 12:01:57 --> Session: Class initialized using 'CodeIgniter\Session\Handlers\FileHandler' driver.
DEBUG - 2025-04-25 12:04:51 --> Session: Class initialized using 'CodeIgniter\Session\Handlers\FileHandler' driver.
DEBUG - 2025-04-25 12:04:54 --> Session: Class initialized using 'CodeIgniter\Session\Handlers\FileHandler' driver.
DEBUG - 2025-04-25 12:04:56 --> Session: Class initialized using 'CodeIgniter\Session\Handlers\FileHandler' driver.
DEBUG - 2025-04-25 12:05:52 --> Session: Class initialized using 'CodeIgniter\Session\Handlers\FileHandler' driver.
DEBUG - 2025-04-25 12:05:54 --> Session: Class initialized using 'CodeIgniter\Session\Handlers\FileHandler' driver.
DEBUG - 2025-04-25 12:05:55 --> Session: Class initialized using 'CodeIgniter\Session\Handlers\FileHandler' driver.
DEBUG - 2025-04-25 12:08:18 --> Session: Class initialized using 'CodeIgniter\Session\Handlers\FileHandler' driver.
DEBUG - 2025-04-25 12:08:46 --> Session: Class initialized using 'CodeIgniter\Session\Handlers\FileHandler' driver.
DEBUG - 2025-04-25 12:08:51 --> Session: Class initialized using 'CodeIgniter\Session\Handlers\FileHandler' driver.
DEBUG - 2025-04-25 12:08:51 --> Session: Class initialized using 'CodeIgniter\Session\Handlers\FileHandler' driver.
DEBUG - 2025-04-25 12:08:55 --> Session: Class initialized using 'CodeIgniter\Session\Handlers\FileHandler' driver.
DEBUG - 2025-04-25 12:08:56 --> Session: Class initialized using 'CodeIgniter\Session\Handlers\FileHandler' driver.
DEBUG - 2025-04-25 12:09:00 --> Session: Class initialized using 'CodeIgniter\Session\Handlers\FileHandler' driver.
DEBUG - 2025-04-25 12:09:00 --> Session: Class initialized using 'CodeIgniter\Session\Handlers\FileHandler' driver.
DEBUG - 2025-04-25 12:09:05 --> Session: Class initialized using 'CodeIgniter\Session\Handlers\FileHandler' driver.
DEBUG - 2025-04-25 12:09:05 --> Session: Class initialized using 'CodeIgniter\Session\Handlers\FileHandler' driver.
DEBUG - 2025-04-25 12:09:11 --> Session: Class initialized using 'CodeIgniter\Session\Handlers\FileHandler' driver.
DEBUG - 2025-04-25 12:09:11 --> Session: Class initialized using 'CodeIgniter\Session\Handlers\FileHandler' driver.
DEBUG - 2025-04-25 12:13:19 --> Session: Class initialized using 'CodeIgniter\Session\Handlers\FileHandler' driver.
DEBUG - 2025-04-25 12:13:23 --> Session: Class initialized using 'CodeIgniter\Session\Handlers\FileHandler' driver.
DEBUG - 2025-04-25 12:13:23 --> Session: Class initialized using 'CodeIgniter\Session\Handlers\FileHandler' driver.
DEBUG - 2025-04-25 12:15:59 --> Session: Class initialized using 'CodeIgniter\Session\Handlers\FileHandler' driver.
DEBUG - 2025-04-25 12:16:00 --> Session: Class initialized using 'CodeIgniter\Session\Handlers\FileHandler' driver.
DEBUG - 2025-04-25 12:16:14 --> Session: Class initialized using 'CodeIgniter\Session\Handlers\FileHandler' driver.
DEBUG - 2025-04-25 12:16:14 --> Session: Class initialized using 'CodeIgniter\Session\Handlers\FileHandler' driver.
DEBUG - 2025-04-25 12:16:24 --> Session: Class initialized using 'CodeIgniter\Session\Handlers\FileHandler' driver.
DEBUG - 2025-04-25 12:16:28 --> Session: Class initialized using 'CodeIgniter\Session\Handlers\FileHandler' driver.
DEBUG - 2025-04-25 12:16:28 --> Session: Class initialized using 'CodeIgniter\Session\Handlers\FileHandler' driver.
CRITICAL - 2025-04-25 12:24:50 --> CodeIgniter\View\Exceptions\ViewException: Invalid file: "auth/login.php"
[Method: GET, Route: login]
in SYSTEMPATH\Exceptions\FrameworkException.php on line 39.
 1 SYSTEMPATH\View\View.php(212): CodeIgniter\Exceptions\FrameworkException::forInvalidFile('auth/login.php')
 2 SYSTEMPATH\Common.php(1173): CodeIgniter\View\View->render('auth/login', [], true)
 3 APPPATH\Controllers\Auth.php(11): view('auth/login')
 4 SYSTEMPATH\CodeIgniter.php(933): App\Controllers\Auth->login()
 5 SYSTEMPATH\CodeIgniter.php(507): CodeIgniter\CodeIgniter->runController(Object(App\Controllers\Auth))
 6 SYSTEMPATH\CodeIgniter.php(354): CodeIgniter\CodeIgniter->handleRequest(null, Object(Config\Cache), false)
 7 SYSTEMPATH\Boot.php(334): CodeIgniter\CodeIgniter->run()
 8 SYSTEMPATH\Boot.php(67): CodeIgniter\Boot::runCodeIgniter(Object(CodeIgniter\CodeIgniter))
 9 FCPATH\index.php(58): CodeIgniter\Boot::bootWeb(Object(Config\Paths))
CRITICAL - 2025-04-25 12:24:50 --> CodeIgniter\View\Exceptions\ViewException: Invalid file: "auth/login.php"
[Method: GET, Route: login]
in SYSTEMPATH\Exceptions\FrameworkException.php on line 39.
 1 SYSTEMPATH\View\View.php(212): CodeIgniter\Exceptions\FrameworkException::forInvalidFile('auth/login.php')
 2 SYSTEMPATH\Common.php(1173): CodeIgniter\View\View->render('auth/login', [], true)
 3 APPPATH\Controllers\Auth.php(11): view('auth/login')
 4 SYSTEMPATH\CodeIgniter.php(933): App\Controllers\Auth->login()
 5 SYSTEMPATH\CodeIgniter.php(507): CodeIgniter\CodeIgniter->runController(Object(App\Controllers\Auth))
 6 SYSTEMPATH\CodeIgniter.php(354): CodeIgniter\CodeIgniter->handleRequest(null, Object(Config\Cache), false)
 7 SYSTEMPATH\Boot.php(334): CodeIgniter\CodeIgniter->run()
 8 SYSTEMPATH\Boot.php(67): CodeIgniter\Boot::runCodeIgniter(Object(CodeIgniter\CodeIgniter))
 9 FCPATH\index.php(58): CodeIgniter\Boot::bootWeb(Object(Config\Paths))
DEBUG - 2025-04-25 12:30:47 --> Session: Class initialized using 'CodeIgniter\Session\Handlers\FileHandler' driver.
DEBUG - 2025-04-25 12:30:51 --> Session: Class initialized using 'CodeIgniter\Session\Handlers\FileHandler' driver.
DEBUG - 2025-04-25 12:30:51 --> Session: Class initialized using 'CodeIgniter\Session\Handlers\FileHandler' driver.
DEBUG - 2025-04-25 12:30:55 --> Session: Class initialized using 'CodeIgniter\Session\Handlers\FileHandler' driver.
DEBUG - 2025-04-25 12:30:58 --> Session: Class initialized using 'CodeIgniter\Session\Handlers\FileHandler' driver.
DEBUG - 2025-04-25 12:30:59 --> Session: Class initialized using 'CodeIgniter\Session\Handlers\FileHandler' driver.
DEBUG - 2025-04-25 12:31:11 --> Session: Class initialized using 'CodeIgniter\Session\Handlers\FileHandler' driver.
DEBUG - 2025-04-25 12:31:12 --> Session: Class initialized using 'CodeIgniter\Session\Handlers\FileHandler' driver.
DEBUG - 2025-04-25 12:31:18 --> Session: Class initialized using 'CodeIgniter\Session\Handlers\FileHandler' driver.
DEBUG - 2025-04-25 12:31:18 --> Session: Class initialized using 'CodeIgniter\Session\Handlers\FileHandler' driver.
DEBUG - 2025-04-25 12:31:35 --> Session: Class initialized using 'CodeIgniter\Session\Handlers\FileHandler' driver.
DEBUG - 2025-04-25 12:31:36 --> Session: Class initialized using 'CodeIgniter\Session\Handlers\FileHandler' driver.
DEBUG - 2025-04-25 12:32:00 --> Session: Class initialized using 'CodeIgniter\Session\Handlers\FileHandler' driver.
DEBUG - 2025-04-25 12:32:00 --> Session: Class initialized using 'CodeIgniter\Session\Handlers\FileHandler' driver.
DEBUG - 2025-04-25 12:32:07 --> Session: Class initialized using 'CodeIgniter\Session\Handlers\FileHandler' driver.
DEBUG - 2025-04-25 12:32:08 --> Session: Class initialized using 'CodeIgniter\Session\Handlers\FileHandler' driver.
DEBUG - 2025-04-25 12:32:11 --> Session: Class initialized using 'CodeIgniter\Session\Handlers\FileHandler' driver.
DEBUG - 2025-04-25 12:32:11 --> Session: Class initialized using 'CodeIgniter\Session\Handlers\FileHandler' driver.
DEBUG - 2025-04-25 12:32:14 --> Session: Class initialized using 'CodeIgniter\Session\Handlers\FileHandler' driver.
DEBUG - 2025-04-25 12:32:14 --> Session: Class initialized using 'CodeIgniter\Session\Handlers\FileHandler' driver.
DEBUG - 2025-04-25 12:32:15 --> Session: Class initialized using 'CodeIgniter\Session\Handlers\FileHandler' driver.
DEBUG - 2025-04-25 12:32:15 --> Session: Class initialized using 'CodeIgniter\Session\Handlers\FileHandler' driver.
DEBUG - 2025-04-25 12:32:19 --> Session: Class initialized using 'CodeIgniter\Session\Handlers\FileHandler' driver.
DEBUG - 2025-04-25 12:32:19 --> Session: Class initialized using 'CodeIgniter\Session\Handlers\FileHandler' driver.
DEBUG - 2025-04-25 12:32:24 --> Session: Class initialized using 'CodeIgniter\Session\Handlers\FileHandler' driver.
DEBUG - 2025-04-25 12:32:24 --> Session: Class initialized using 'CodeIgniter\Session\Handlers\FileHandler' driver.
DEBUG - 2025-04-25 12:32:26 --> Session: Class initialized using 'CodeIgniter\Session\Handlers\FileHandler' driver.
DEBUG - 2025-04-25 12:32:27 --> Session: Class initialized using 'CodeIgniter\Session\Handlers\FileHandler' driver.
DEBUG - 2025-04-25 12:33:24 --> Session: Class initialized using 'CodeIgniter\Session\Handlers\FileHandler' driver.
DEBUG - 2025-04-25 12:33:24 --> Session: Class initialized using 'CodeIgniter\Session\Handlers\FileHandler' driver.
DEBUG - 2025-04-25 12:33:26 --> Session: Class initialized using 'CodeIgniter\Session\Handlers\FileHandler' driver.
DEBUG - 2025-04-25 12:33:26 --> Session: Class initialized using 'CodeIgniter\Session\Handlers\FileHandler' driver.
DEBUG - 2025-04-25 12:33:46 --> Session: Class initialized using 'CodeIgniter\Session\Handlers\FileHandler' driver.
DEBUG - 2025-04-25 12:33:46 --> Session: Class initialized using 'CodeIgniter\Session\Handlers\FileHandler' driver.
DEBUG - 2025-04-25 12:33:51 --> Session: Class initialized using 'CodeIgniter\Session\Handlers\FileHandler' driver.
DEBUG - 2025-04-25 12:33:51 --> Session: Class initialized using 'CodeIgniter\Session\Handlers\FileHandler' driver.
DEBUG - 2025-04-25 12:34:27 --> Session: Class initialized using 'CodeIgniter\Session\Handlers\FileHandler' driver.
DEBUG - 2025-04-25 12:34:27 --> Session: Class initialized using 'CodeIgniter\Session\Handlers\FileHandler' driver.
DEBUG - 2025-04-25 12:34:30 --> Session: Class initialized using 'CodeIgniter\Session\Handlers\FileHandler' driver.
DEBUG - 2025-04-25 12:34:31 --> Session: Class initialized using 'CodeIgniter\Session\Handlers\FileHandler' driver.
DEBUG - 2025-04-25 12:36:00 --> Session: Class initialized using 'CodeIgniter\Session\Handlers\FileHandler' driver.
DEBUG - 2025-04-25 12:36:08 --> Session: Class initialized using 'CodeIgniter\Session\Handlers\FileHandler' driver.
DEBUG - 2025-04-25 12:36:08 --> Session: Class initialized using 'CodeIgniter\Session\Handlers\FileHandler' driver.
DEBUG - 2025-04-25 12:36:13 --> Session: Class initialized using 'CodeIgniter\Session\Handlers\FileHandler' driver.
DEBUG - 2025-04-25 12:36:13 --> Session: Class initialized using 'CodeIgniter\Session\Handlers\FileHandler' driver.
DEBUG - 2025-04-25 12:36:33 --> Session: Class initialized using 'CodeIgniter\Session\Handlers\FileHandler' driver.
DEBUG - 2025-04-25 12:36:33 --> Session: Class initialized using 'CodeIgniter\Session\Handlers\FileHandler' driver.
DEBUG - 2025-04-25 12:36:37 --> Session: Class initialized using 'CodeIgniter\Session\Handlers\FileHandler' driver.
DEBUG - 2025-04-25 12:36:37 --> Session: Class initialized using 'CodeIgniter\Session\Handlers\FileHandler' driver.
DEBUG - 2025-04-25 12:38:17 --> Session: Class initialized using 'CodeIgniter\Session\Handlers\FileHandler' driver.
DEBUG - 2025-04-25 12:38:22 --> Session: Class initialized using 'CodeIgniter\Session\Handlers\FileHandler' driver.
DEBUG - 2025-04-25 12:38:22 --> Session: Class initialized using 'CodeIgniter\Session\Handlers\FileHandler' driver.
DEBUG - 2025-04-25 12:38:26 --> Session: Class initialized using 'CodeIgniter\Session\Handlers\FileHandler' driver.
DEBUG - 2025-04-25 12:38:26 --> Session: Class initialized using 'CodeIgniter\Session\Handlers\FileHandler' driver.
DEBUG - 2025-04-25 12:38:30 --> Session: Class initialized using 'CodeIgniter\Session\Handlers\FileHandler' driver.
DEBUG - 2025-04-25 12:38:30 --> Session: Class initialized using 'CodeIgniter\Session\Handlers\FileHandler' driver.
DEBUG - 2025-04-25 12:38:34 --> Session: Class initialized using 'CodeIgniter\Session\Handlers\FileHandler' driver.
DEBUG - 2025-04-25 12:38:34 --> Session: Class initialized using 'CodeIgniter\Session\Handlers\FileHandler' driver.
DEBUG - 2025-04-25 12:38:36 --> Session: Class initialized using 'CodeIgniter\Session\Handlers\FileHandler' driver.
DEBUG - 2025-04-25 12:38:39 --> Session: Class initialized using 'CodeIgniter\Session\Handlers\FileHandler' driver.
DEBUG - 2025-04-25 12:38:58 --> Session: Class initialized using 'CodeIgniter\Session\Handlers\FileHandler' driver.
DEBUG - 2025-04-25 12:39:06 --> Session: Class initialized using 'CodeIgniter\Session\Handlers\FileHandler' driver.
DEBUG - 2025-04-25 12:39:06 --> Session: Class initialized using 'CodeIgniter\Session\Handlers\FileHandler' driver.
DEBUG - 2025-04-25 12:39:27 --> Session: Class initialized using 'CodeIgniter\Session\Handlers\FileHandler' driver.
DEBUG - 2025-04-25 12:39:31 --> Session: Class initialized using 'CodeIgniter\Session\Handlers\FileHandler' driver.
DEBUG - 2025-04-25 12:39:31 --> Session: Class initialized using 'CodeIgniter\Session\Handlers\FileHandler' driver.
DEBUG - 2025-04-25 12:39:36 --> Session: Class initialized using 'CodeIgniter\Session\Handlers\FileHandler' driver.
DEBUG - 2025-04-25 12:39:36 --> Session: Class initialized using 'CodeIgniter\Session\Handlers\FileHandler' driver.
DEBUG - 2025-04-25 12:46:01 --> Session: Class initialized using 'CodeIgniter\Session\Handlers\FileHandler' driver.
DEBUG - 2025-04-25 12:46:06 --> Session: Class initialized using 'CodeIgniter\Session\Handlers\FileHandler' driver.
DEBUG - 2025-04-25 12:46:06 --> Session: Class initialized using 'CodeIgniter\Session\Handlers\FileHandler' driver.
DEBUG - 2025-04-25 12:46:11 --> Session: Class initialized using 'CodeIgniter\Session\Handlers\FileHandler' driver.
DEBUG - 2025-04-25 12:46:11 --> Session: Class initialized using 'CodeIgniter\Session\Handlers\FileHandler' driver.
DEBUG - 2025-04-25 12:46:14 --> Session: Class initialized using 'CodeIgniter\Session\Handlers\FileHandler' driver.
DEBUG - 2025-04-25 12:46:14 --> Session: Class initialized using 'CodeIgniter\Session\Handlers\FileHandler' driver.
